<?xml version="1.0" encoding="UTF-8"?>
<testng-results ignored="0" total="1" passed="1" failed="0" skipped="0">
  <reporter-output>
  </reporter-output>
  <suite started-at="2022-03-10T15:18:14 IST" name="Default suite" finished-at="2022-03-10T15:18:14 IST" duration-ms="127">
    <groups>
    </groups>
    <test started-at="2022-03-10T15:18:14 IST" name="Default test" finished-at="2022-03-10T15:18:14 IST" duration-ms="127">
      <class name="DemoGit.Demo">
        <test-method signature="Demo()[pri:0, instance:DemoGit.Demo@7671cb68]" started-at="2022-03-10T15:18:14 IST" name="Demo" finished-at="2022-03-10T15:18:14 IST" duration-ms="29" status="PASS">
          <reporter-output>
          </reporter-output>
        </test-method> <!-- Demo -->
      </class> <!-- DemoGit.Demo -->
    </test> <!-- Default test -->
  </suite> <!-- Default suite -->
</testng-results>
